find_header: checking for sys/types.h... -------------------- yes

"clang -o conftest -I/Users/mosny/.rbenv/versions/2.1.2/include/ruby-2.1.0/x86_64-darwin13.0 -I/Users/mosny/.rbenv/versions/2.1.2/include/ruby-2.1.0/ruby/backward -I/Users/mosny/.rbenv/versions/2.1.2/include/ruby-2.1.0 -I../../../../ext/cracklib -I/Users/mosny/.rbenv/versions/2.1.2/include  -D_XOPEN_SOURCE -D_DARWIN_C_SOURCE -D_DARWIN_UNLIMITED_SELECT -D_REENTRANT    -O3 -Wno-error=shorten-64-to-32  -pipe conftest.c  -L. -L/Users/mosny/.rbenv/versions/2.1.2/lib -L. -L/Users/mosny/.rbenv/versions/2.1.2/lib  -fstack-protector -L/usr/local/lib -lcrack     -lruby-static -framework CoreFoundation  -lpthread -ldl -lobjc "
checked program was:
/* begin */
1: #include "ruby.h"
2: 
3: int main(int argc, char **argv)
4: {
5:   return 0;
6: }
/* end */

"clang -E -I/Users/mosny/.rbenv/versions/2.1.2/include/ruby-2.1.0/x86_64-darwin13.0 -I/Users/mosny/.rbenv/versions/2.1.2/include/ruby-2.1.0/ruby/backward -I/Users/mosny/.rbenv/versions/2.1.2/include/ruby-2.1.0 -I../../../../ext/cracklib -I/Users/mosny/.rbenv/versions/2.1.2/include  -D_XOPEN_SOURCE -D_DARWIN_C_SOURCE -D_DARWIN_UNLIMITED_SELECT -D_REENTRANT    -O3 -Wno-error=shorten-64-to-32  -pipe  conftest.c -o conftest.i"
checked program was:
/* begin */
1: #include "ruby.h"
2: 
3: #include <sys/types.h>
/* end */

--------------------

find_header: checking for errno.h... -------------------- yes

"clang -E -I/Users/mosny/.rbenv/versions/2.1.2/include/ruby-2.1.0/x86_64-darwin13.0 -I/Users/mosny/.rbenv/versions/2.1.2/include/ruby-2.1.0/ruby/backward -I/Users/mosny/.rbenv/versions/2.1.2/include/ruby-2.1.0 -I../../../../ext/cracklib -I/Users/mosny/.rbenv/versions/2.1.2/include  -D_XOPEN_SOURCE -D_DARWIN_C_SOURCE -D_DARWIN_UNLIMITED_SELECT -D_REENTRANT    -O3 -Wno-error=shorten-64-to-32  -pipe  conftest.c -o conftest.i"
checked program was:
/* begin */
1: #include "ruby.h"
2: 
3: #include <errno.h>
/* end */

--------------------

find_header: checking for limits.h... -------------------- yes

"clang -E -I/Users/mosny/.rbenv/versions/2.1.2/include/ruby-2.1.0/x86_64-darwin13.0 -I/Users/mosny/.rbenv/versions/2.1.2/include/ruby-2.1.0/ruby/backward -I/Users/mosny/.rbenv/versions/2.1.2/include/ruby-2.1.0 -I../../../../ext/cracklib -I/Users/mosny/.rbenv/versions/2.1.2/include  -D_XOPEN_SOURCE -D_DARWIN_C_SOURCE -D_DARWIN_UNLIMITED_SELECT -D_REENTRANT    -O3 -Wno-error=shorten-64-to-32  -pipe  conftest.c -o conftest.i"
checked program was:
/* begin */
1: #include "ruby.h"
2: 
3: #include <limits.h>
/* end */

--------------------

find_header: checking for string.h... -------------------- yes

"clang -E -I/Users/mosny/.rbenv/versions/2.1.2/include/ruby-2.1.0/x86_64-darwin13.0 -I/Users/mosny/.rbenv/versions/2.1.2/include/ruby-2.1.0/ruby/backward -I/Users/mosny/.rbenv/versions/2.1.2/include/ruby-2.1.0 -I../../../../ext/cracklib -I/Users/mosny/.rbenv/versions/2.1.2/include  -D_XOPEN_SOURCE -D_DARWIN_C_SOURCE -D_DARWIN_UNLIMITED_SELECT -D_REENTRANT    -O3 -Wno-error=shorten-64-to-32  -pipe  conftest.c -o conftest.i"
checked program was:
/* begin */
1: #include "ruby.h"
2: 
3: #include <string.h>
/* end */

--------------------

find_header: checking for pwd.h... -------------------- yes

"clang -E -I/Users/mosny/.rbenv/versions/2.1.2/include/ruby-2.1.0/x86_64-darwin13.0 -I/Users/mosny/.rbenv/versions/2.1.2/include/ruby-2.1.0/ruby/backward -I/Users/mosny/.rbenv/versions/2.1.2/include/ruby-2.1.0 -I../../../../ext/cracklib -I/Users/mosny/.rbenv/versions/2.1.2/include  -D_XOPEN_SOURCE -D_DARWIN_C_SOURCE -D_DARWIN_UNLIMITED_SELECT -D_REENTRANT    -O3 -Wno-error=shorten-64-to-32  -pipe  conftest.c -o conftest.i"
checked program was:
/* begin */
1: #include "ruby.h"
2: 
3: #include <pwd.h>
/* end */

--------------------

find_header: checking for stdlib.h... -------------------- yes

"clang -E -I/Users/mosny/.rbenv/versions/2.1.2/include/ruby-2.1.0/x86_64-darwin13.0 -I/Users/mosny/.rbenv/versions/2.1.2/include/ruby-2.1.0/ruby/backward -I/Users/mosny/.rbenv/versions/2.1.2/include/ruby-2.1.0 -I../../../../ext/cracklib -I/Users/mosny/.rbenv/versions/2.1.2/include  -D_XOPEN_SOURCE -D_DARWIN_C_SOURCE -D_DARWIN_UNLIMITED_SELECT -D_REENTRANT    -O3 -Wno-error=shorten-64-to-32  -pipe  conftest.c -o conftest.i"
checked program was:
/* begin */
1: #include "ruby.h"
2: 
3: #include <stdlib.h>
/* end */

--------------------

find_header: checking for crack.h... -------------------- yes

"clang -E -I/Users/mosny/.rbenv/versions/2.1.2/include/ruby-2.1.0/x86_64-darwin13.0 -I/Users/mosny/.rbenv/versions/2.1.2/include/ruby-2.1.0/ruby/backward -I/Users/mosny/.rbenv/versions/2.1.2/include/ruby-2.1.0 -I../../../../ext/cracklib -I/Users/mosny/.rbenv/versions/2.1.2/include  -D_XOPEN_SOURCE -D_DARWIN_C_SOURCE -D_DARWIN_UNLIMITED_SELECT -D_REENTRANT    -O3 -Wno-error=shorten-64-to-32  -pipe  conftest.c -o conftest.i"
checked program was:
/* begin */
1: #include "ruby.h"
2: 
3: #include <crack.h>
/* end */

--------------------

find_library: checking for FascistCheck() in -lcrack... -------------------- yes

"clang -o conftest -I/Users/mosny/.rbenv/versions/2.1.2/include/ruby-2.1.0/x86_64-darwin13.0 -I/Users/mosny/.rbenv/versions/2.1.2/include/ruby-2.1.0/ruby/backward -I/Users/mosny/.rbenv/versions/2.1.2/include/ruby-2.1.0 -I../../../../ext/cracklib -I/Users/mosny/.rbenv/versions/2.1.2/include  -D_XOPEN_SOURCE -D_DARWIN_C_SOURCE -D_DARWIN_UNLIMITED_SELECT -D_REENTRANT    -O3 -Wno-error=shorten-64-to-32  -pipe conftest.c  -L. -L/Users/mosny/.rbenv/versions/2.1.2/lib -L. -L/Users/mosny/.rbenv/versions/2.1.2/lib  -fstack-protector -L/usr/local/lib -lcrack     -lruby-static -framework CoreFoundation -lcrack  -lpthread -ldl -lobjc "
conftest.c:13:57: error: use of undeclared identifier 'FascistCheck'
int t(void) { void ((*volatile p)()); p = (void ((*)()))FascistCheck; return 0; }
                                                        ^
1 error generated.
checked program was:
/* begin */
 1: #include "ruby.h"
 2: 
 3: /*top*/
 4: extern int t(void);
 5: int main(int argc, char **argv)
 6: {
 7:   if (argc > 1000000) {
 8:     printf("%p", &t);
 9:   }
10: 
11:   return 0;
12: }
13: int t(void) { void ((*volatile p)()); p = (void ((*)()))FascistCheck; return 0; }
/* end */

"clang -o conftest -I/Users/mosny/.rbenv/versions/2.1.2/include/ruby-2.1.0/x86_64-darwin13.0 -I/Users/mosny/.rbenv/versions/2.1.2/include/ruby-2.1.0/ruby/backward -I/Users/mosny/.rbenv/versions/2.1.2/include/ruby-2.1.0 -I../../../../ext/cracklib -I/Users/mosny/.rbenv/versions/2.1.2/include  -D_XOPEN_SOURCE -D_DARWIN_C_SOURCE -D_DARWIN_UNLIMITED_SELECT -D_REENTRANT    -O3 -Wno-error=shorten-64-to-32  -pipe conftest.c  -L. -L/Users/mosny/.rbenv/versions/2.1.2/lib -L. -L/Users/mosny/.rbenv/versions/2.1.2/lib  -fstack-protector -L/usr/local/lib -lcrack     -lruby-static -framework CoreFoundation -lcrack  -lpthread -ldl -lobjc "
conftest.c:13:15: warning: implicit declaration of function 'FascistCheck' is invalid in C99 [-Wimplicit-function-declaration]
int t(void) { FascistCheck(); return 0; }
              ^
1 warning generated.
checked program was:
/* begin */
 1: #include "ruby.h"
 2: 
 3: /*top*/
 4: extern int t(void);
 5: int main(int argc, char **argv)
 6: {
 7:   if (argc > 1000000) {
 8:     printf("%p", &t);
 9:   }
10: 
11:   return 0;
12: }
13: int t(void) { FascistCheck(); return 0; }
/* end */

--------------------

